<?xml version="1.0" encoding="UTF-8"?>
<!-- Generated by org.testng.reporters.JUnitXMLReporter -->
<testsuite ignored="0" hostname="Amit-Roy" failures="0" tests="1" name="Test1" time="0.247" errors="0" timestamp="2025-09-19T23:28:23 IST">
  <testcase classname="com.tyss.crm.GenaricUtility.BaseClass" name="@BeforeClass launchBrowser" time="-1.758304703498E9">
    <failure type="org.testng.TestNGException" message="
Parameter &amp;apos;name=BROWSER&amp;apos; is required by BeforeClass on method launchBrowser but has not been marked @Optional or defined
in C:\Users\Admin\git\advanceSelenium_Repo\advanceSelenium\FullRegression.xml">
      <![CDATA[org.testng.TestNGException: 
Parameter 'name=BROWSER' is required by BeforeClass on method launchBrowser but has not been marked @Optional or defined
in C:\Users\Admin\git\advanceSelenium_Repo\advanceSelenium\FullRegression.xml
at java.base/java.util.ArrayList.forEach(ArrayList.java:1597)
... Removed 22 stack frames]]>
    </failure>
  </testcase> <!-- @BeforeClass launchBrowser -->
  <testcase classname="com.tyss.crm.GenaricUtility.BaseClass" name="@BeforeMethod loginTest" time="0.0">
    <skipped/>
  </testcase> <!-- @BeforeMethod loginTest -->
  <testcase classname="com.tyss.crm.GenaricUtility.BaseClass" name="@AfterMethod logout" time="0.0">
    <skipped/>
  </testcase> <!-- @AfterMethod logout -->
  <testcase classname="com.tyss.crm.GenaricUtility.BaseClass" name="@AfterClass closeBrowser" time="0.0">
    <skipped/>
  </testcase> <!-- @AfterClass closeBrowser -->
  <testcase classname="com.Vtiger.Crm.LeadModule.LeadModuleTest" name="leadTest" time="0.001">
    <skipped/>
  </testcase> <!-- leadTest -->
</testsuite> <!-- Test1 -->
