<html>
<head>
<title>TestNG:  Test2</title>
<link href="../testng.css" rel="stylesheet" type="text/css" />
<link href="../my-testng.css" rel="stylesheet" type="text/css" />

<style type="text/css">
.log { display: none;} 
.stack-trace { display: none;} 
</style>
<script type="text/javascript">
<!--
function flip(e) {
  current = e.style.display;
  if (current == 'block') {
    e.style.display = 'none';
    return 0;
  }
  else {
    e.style.display = 'block';
    return 1;
  }
}

function toggleBox(szDivId, elem, msg1, msg2)
{
  var res = -1;  if (document.getElementById) {
    res = flip(document.getElementById(szDivId));
  }
  else if (document.all) {
    // this is the way old msie versions work
    res = flip(document.all[szDivId]);
  }
  if(elem) {
    if(res == 0) elem.innerHTML = msg1; else elem.innerHTML = msg2;
  }

}

function toggleAllBoxes() {
  if (document.getElementsByTagName) {
    d = document.getElementsByTagName('div');
    for (i = 0; i < d.length; i++) {
      if (d[i].className == 'log') {
        flip(d[i]);
      }
    }
  }
}

// -->
</script>

</head>
<body>
<h2 align='center'>Test2</h2><table border='1' align="center">
<tr>
<td>Tests passed/Failed/Skipped:</td><td>0/0/2</td>
</tr><tr>
<td>Started on:</td><td>Fri Sep 19 23:28:24 IST 2025</td>
</tr>
<tr><td>Total time:</td><td>0 seconds (299 ms)</td>
</tr><tr>
<td>Included groups:</td><td></td>
</tr><tr>
<td>Excluded groups:</td><td></td>
</tr>
</table><p/>
<small><i>(Hover the method name to see the test class name)</i></small><p/>
<table width='100%' border='1' class='invocation-failed'>
<tr><td colspan='4' align='center'><b>FAILED CONFIGURATIONS</b></td></tr>
<tr><td><b>Test method</b></td>
<td><b>Attribute(s)</b></td>
<td width="30%"><b>Exception</b></td>
<td width="10%"><b>Time (seconds)</b></td>
<td><b>Instance</b></td>
</tr>
<tr>
<td title='com.Vtiger.Crm.LeadModule.LeadModuleTest.launchBrowser()'><b>launchBrowser</b><br>Test class: com.Vtiger.Crm.LeadModule.LeadModuleTest</td>
<td><div><pre>org.testng.TestNGException: 
Parameter &apos;name=BROWSER&apos; is required by BeforeClass on method launchBrowser but has not been marked @Optional or defined
in C:\Users\Admin\git\advanceSelenium_Repo\advanceSelenium\FullRegression.xml
	at java.base/java.util.ArrayList.forEach(ArrayList.java:1597)
... Removed 22 stack frames</pre></div><a href='#' onClick='toggleBox("stack-trace236304360", this, "Click to show all stack frames", "Click to hide stack frames")'>Click to show all stack frames</a>
<div class='stack-trace' id='stack-trace236304360'><pre>org.testng.TestNGException: 
Parameter &apos;name=BROWSER&apos; is required by BeforeClass on method launchBrowser but has not been marked @Optional or defined
in C:\Users\Admin\git\advanceSelenium_Repo\advanceSelenium\FullRegression.xml
	at org.testng.internal.Parameters.createParams(Parameters.java:267)
	at org.testng.internal.Parameters.createParametersForMethod(Parameters.java:355)
	at org.testng.internal.Parameters.createParameters(Parameters.java:684)
	at org.testng.internal.Parameters.createConfigurationParameters(Parameters.java:166)
	at org.testng.internal.invokers.ConfigInvoker.invokeConfigurations(ConfigInvoker.java:277)
	at org.testng.internal.invokers.TestMethodWorker.invokeBeforeClassMethods(TestMethodWorker.java:180)
	at org.testng.internal.invokers.TestMethodWorker.run(TestMethodWorker.java:122)
	at java.base/java.util.ArrayList.forEach(ArrayList.java:1597)
	at org.testng.TestRunner.privateRun(TestRunner.java:829)
	at org.testng.TestRunner.run(TestRunner.java:602)
	at org.testng.SuiteRunner.runTest(SuiteRunner.java:437)
	at org.testng.SuiteRunner.runSequentially(SuiteRunner.java:431)
	at org.testng.SuiteRunner.privateRun(SuiteRunner.java:391)
	at org.testng.SuiteRunner.run(SuiteRunner.java:330)
	at org.testng.SuiteRunnerWorker.runSuite(SuiteRunnerWorker.java:52)
	at org.testng.SuiteRunnerWorker.run(SuiteRunnerWorker.java:95)
	at org.testng.TestNG.runSuitesSequentially(TestNG.java:1256)
	at org.testng.TestNG.runSuitesLocally(TestNG.java:1176)
	at org.testng.TestNG.runSuites(TestNG.java:1099)
	at org.testng.TestNG.run(TestNG.java:1067)
	at org.testng.remote.AbstractRemoteTestNG.run(AbstractRemoteTestNG.java:115)
	at org.testng.remote.RemoteTestNG.initAndRun(RemoteTestNG.java:293)
	at org.testng.remote.RemoteTestNG.main(RemoteTestNG.java:91)
</pre></div></td>
<td>-1758304704</td>
<td>com.Vtiger.Crm.LeadModule.LeadModuleTest@79d8407f</td></tr>
<tr>
<td title='com.Vtiger.Crm.LeadModule_Confirm.LeadModuleConfirmTest.launchBrowser()'><b>launchBrowser</b><br>Test class: com.Vtiger.Crm.LeadModule_Confirm.LeadModuleConfirmTest</td>
<td><div><pre>org.testng.TestNGException: 
Parameter &apos;name=BROWSER&apos; is required by BeforeClass on method launchBrowser but has not been marked @Optional or defined
in C:\Users\Admin\git\advanceSelenium_Repo\advanceSelenium\FullRegression.xml
	at java.base/java.util.ArrayList.forEach(ArrayList.java:1597)
... Removed 22 stack frames</pre></div><a href='#' onClick='toggleBox("stack-trace210281271", this, "Click to show all stack frames", "Click to hide stack frames")'>Click to show all stack frames</a>
<div class='stack-trace' id='stack-trace210281271'><pre>org.testng.TestNGException: 
Parameter &apos;name=BROWSER&apos; is required by BeforeClass on method launchBrowser but has not been marked @Optional or defined
in C:\Users\Admin\git\advanceSelenium_Repo\advanceSelenium\FullRegression.xml
	at org.testng.internal.Parameters.createParams(Parameters.java:267)
	at org.testng.internal.Parameters.createParametersForMethod(Parameters.java:355)
	at org.testng.internal.Parameters.createParameters(Parameters.java:684)
	at org.testng.internal.Parameters.createConfigurationParameters(Parameters.java:166)
	at org.testng.internal.invokers.ConfigInvoker.invokeConfigurations(ConfigInvoker.java:277)
	at org.testng.internal.invokers.TestMethodWorker.invokeBeforeClassMethods(TestMethodWorker.java:180)
	at org.testng.internal.invokers.TestMethodWorker.run(TestMethodWorker.java:122)
	at java.base/java.util.ArrayList.forEach(ArrayList.java:1597)
	at org.testng.TestRunner.privateRun(TestRunner.java:829)
	at org.testng.TestRunner.run(TestRunner.java:602)
	at org.testng.SuiteRunner.runTest(SuiteRunner.java:437)
	at org.testng.SuiteRunner.runSequentially(SuiteRunner.java:431)
	at org.testng.SuiteRunner.privateRun(SuiteRunner.java:391)
	at org.testng.SuiteRunner.run(SuiteRunner.java:330)
	at org.testng.SuiteRunnerWorker.runSuite(SuiteRunnerWorker.java:52)
	at org.testng.SuiteRunnerWorker.run(SuiteRunnerWorker.java:95)
	at org.testng.TestNG.runSuitesSequentially(TestNG.java:1256)
	at org.testng.TestNG.runSuitesLocally(TestNG.java:1176)
	at org.testng.TestNG.runSuites(TestNG.java:1099)
	at org.testng.TestNG.run(TestNG.java:1067)
	at org.testng.remote.AbstractRemoteTestNG.run(AbstractRemoteTestNG.java:115)
	at org.testng.remote.RemoteTestNG.initAndRun(RemoteTestNG.java:293)
	at org.testng.remote.RemoteTestNG.main(RemoteTestNG.java:91)
</pre></div></td>
<td>-1758304704</td>
<td>com.Vtiger.Crm.LeadModule_Confirm.LeadModuleConfirmTest@5fbe4146</td></tr>
</table><p>
<table width='100%' border='1' class='invocation-skipped'>
<tr><td colspan='4' align='center'><b>SKIPPED CONFIGURATIONS</b></td></tr>
<tr><td><b>Test method</b></td>
<td><b>Attribute(s)</b></td>
<td width="30%"><b>Exception</b></td>
<td width="10%"><b>Time (seconds)</b></td>
<td><b>Instance</b></td>
</tr>
<tr>
<td title='com.Vtiger.Crm.LeadModule_Confirm.LeadModuleConfirmTest.logout()'><b>logout</b><br>Test class: com.Vtiger.Crm.LeadModule_Confirm.LeadModuleConfirmTest</td>
<td></td>
<td>0</td>
<td>com.Vtiger.Crm.LeadModule_Confirm.LeadModuleConfirmTest@5fbe4146</td></tr>
<tr>
<td title='com.Vtiger.Crm.LeadModule_Confirm.LeadModuleConfirmTest.loginTest()'><b>loginTest</b><br>Test class: com.Vtiger.Crm.LeadModule_Confirm.LeadModuleConfirmTest</td>
<td></td>
<td>0</td>
<td>com.Vtiger.Crm.LeadModule_Confirm.LeadModuleConfirmTest@5fbe4146</td></tr>
<tr>
<td title='com.Vtiger.Crm.LeadModule.LeadModuleTest.closeBrowser()'><b>closeBrowser</b><br>Test class: com.Vtiger.Crm.LeadModule.LeadModuleTest</td>
<td></td>
<td>0</td>
<td>com.Vtiger.Crm.LeadModule.LeadModuleTest@79d8407f</td></tr>
<tr>
<td title='com.Vtiger.Crm.LeadModule_Confirm.LeadModuleConfirmTest.closeBrowser()'><b>closeBrowser</b><br>Test class: com.Vtiger.Crm.LeadModule_Confirm.LeadModuleConfirmTest</td>
<td></td>
<td>0</td>
<td>com.Vtiger.Crm.LeadModule_Confirm.LeadModuleConfirmTest@5fbe4146</td></tr>
<tr>
<td title='com.Vtiger.Crm.LeadModule.LeadModuleTest.logout()'><b>logout</b><br>Test class: com.Vtiger.Crm.LeadModule.LeadModuleTest</td>
<td></td>
<td>0</td>
<td>com.Vtiger.Crm.LeadModule.LeadModuleTest@79d8407f</td></tr>
<tr>
<td title='com.Vtiger.Crm.LeadModule.LeadModuleTest.loginTest()'><b>loginTest</b><br>Test class: com.Vtiger.Crm.LeadModule.LeadModuleTest</td>
<td></td>
<td>0</td>
<td>com.Vtiger.Crm.LeadModule.LeadModuleTest@79d8407f</td></tr>
</table><p>
<table width='100%' border='1' class='invocation-skipped'>
<tr><td colspan='4' align='center'><b>SKIPPED TESTS</b></td></tr>
<tr><td><b>Test method</b></td>
<td><b>Attribute(s)</b></td>
<td width="30%"><b>Exception</b></td>
<td width="10%"><b>Time (seconds)</b></td>
<td><b>Instance</b></td>
</tr>
<tr>
<td title='com.Vtiger.Crm.LeadModule_Confirm.LeadModuleConfirmTest.LeadConfirmTest()'><b>LeadConfirmTest</b><br>Test class: com.Vtiger.Crm.LeadModule_Confirm.LeadModuleConfirmTest</td>
<td><div><pre>org.testng.TestNGException: 
Parameter &apos;name=BROWSER&apos; is required by BeforeClass on method launchBrowser but has not been marked @Optional or defined
in C:\Users\Admin\git\advanceSelenium_Repo\advanceSelenium\FullRegression.xml
	at java.base/java.util.ArrayList.forEach(ArrayList.java:1597)
... Removed 22 stack frames</pre></div><a href='#' onClick='toggleBox("stack-trace1213818572", this, "Click to show all stack frames", "Click to hide stack frames")'>Click to show all stack frames</a>
<div class='stack-trace' id='stack-trace1213818572'><pre>org.testng.TestNGException: 
Parameter &apos;name=BROWSER&apos; is required by BeforeClass on method launchBrowser but has not been marked @Optional or defined
in C:\Users\Admin\git\advanceSelenium_Repo\advanceSelenium\FullRegression.xml
	at org.testng.internal.Parameters.createParams(Parameters.java:267)
	at org.testng.internal.Parameters.createParametersForMethod(Parameters.java:355)
	at org.testng.internal.Parameters.createParameters(Parameters.java:684)
	at org.testng.internal.Parameters.createConfigurationParameters(Parameters.java:166)
	at org.testng.internal.invokers.ConfigInvoker.invokeConfigurations(ConfigInvoker.java:277)
	at org.testng.internal.invokers.TestMethodWorker.invokeBeforeClassMethods(TestMethodWorker.java:180)
	at org.testng.internal.invokers.TestMethodWorker.run(TestMethodWorker.java:122)
	at java.base/java.util.ArrayList.forEach(ArrayList.java:1597)
	at org.testng.TestRunner.privateRun(TestRunner.java:829)
	at org.testng.TestRunner.run(TestRunner.java:602)
	at org.testng.SuiteRunner.runTest(SuiteRunner.java:437)
	at org.testng.SuiteRunner.runSequentially(SuiteRunner.java:431)
	at org.testng.SuiteRunner.privateRun(SuiteRunner.java:391)
	at org.testng.SuiteRunner.run(SuiteRunner.java:330)
	at org.testng.SuiteRunnerWorker.runSuite(SuiteRunnerWorker.java:52)
	at org.testng.SuiteRunnerWorker.run(SuiteRunnerWorker.java:95)
	at org.testng.TestNG.runSuitesSequentially(TestNG.java:1256)
	at org.testng.TestNG.runSuitesLocally(TestNG.java:1176)
	at org.testng.TestNG.runSuites(TestNG.java:1099)
	at org.testng.TestNG.run(TestNG.java:1067)
	at org.testng.remote.AbstractRemoteTestNG.run(AbstractRemoteTestNG.java:115)
	at org.testng.remote.RemoteTestNG.initAndRun(RemoteTestNG.java:293)
	at org.testng.remote.RemoteTestNG.main(RemoteTestNG.java:91)
</pre></div></td>
<td>0</td>
<td>com.Vtiger.Crm.LeadModule_Confirm.LeadModuleConfirmTest@5fbe4146</td></tr>
<tr>
<td title='com.Vtiger.Crm.LeadModule.LeadModuleTest.leadTest()'><b>leadTest</b><br>Test class: com.Vtiger.Crm.LeadModule.LeadModuleTest</td>
<td><div><pre>org.testng.TestNGException: 
Parameter &apos;name=BROWSER&apos; is required by BeforeClass on method launchBrowser but has not been marked @Optional or defined
in C:\Users\Admin\git\advanceSelenium_Repo\advanceSelenium\FullRegression.xml
	at java.base/java.util.ArrayList.forEach(ArrayList.java:1597)
... Removed 22 stack frames</pre></div><a href='#' onClick='toggleBox("stack-trace1670546046", this, "Click to show all stack frames", "Click to hide stack frames")'>Click to show all stack frames</a>
<div class='stack-trace' id='stack-trace1670546046'><pre>org.testng.TestNGException: 
Parameter &apos;name=BROWSER&apos; is required by BeforeClass on method launchBrowser but has not been marked @Optional or defined
in C:\Users\Admin\git\advanceSelenium_Repo\advanceSelenium\FullRegression.xml
	at org.testng.internal.Parameters.createParams(Parameters.java:267)
	at org.testng.internal.Parameters.createParametersForMethod(Parameters.java:355)
	at org.testng.internal.Parameters.createParameters(Parameters.java:684)
	at org.testng.internal.Parameters.createConfigurationParameters(Parameters.java:166)
	at org.testng.internal.invokers.ConfigInvoker.invokeConfigurations(ConfigInvoker.java:277)
	at org.testng.internal.invokers.TestMethodWorker.invokeBeforeClassMethods(TestMethodWorker.java:180)
	at org.testng.internal.invokers.TestMethodWorker.run(TestMethodWorker.java:122)
	at java.base/java.util.ArrayList.forEach(ArrayList.java:1597)
	at org.testng.TestRunner.privateRun(TestRunner.java:829)
	at org.testng.TestRunner.run(TestRunner.java:602)
	at org.testng.SuiteRunner.runTest(SuiteRunner.java:437)
	at org.testng.SuiteRunner.runSequentially(SuiteRunner.java:431)
	at org.testng.SuiteRunner.privateRun(SuiteRunner.java:391)
	at org.testng.SuiteRunner.run(SuiteRunner.java:330)
	at org.testng.SuiteRunnerWorker.runSuite(SuiteRunnerWorker.java:52)
	at org.testng.SuiteRunnerWorker.run(SuiteRunnerWorker.java:95)
	at org.testng.TestNG.runSuitesSequentially(TestNG.java:1256)
	at org.testng.TestNG.runSuitesLocally(TestNG.java:1176)
	at org.testng.TestNG.runSuites(TestNG.java:1099)
	at org.testng.TestNG.run(TestNG.java:1067)
	at org.testng.remote.AbstractRemoteTestNG.run(AbstractRemoteTestNG.java:115)
	at org.testng.remote.RemoteTestNG.initAndRun(RemoteTestNG.java:293)
	at org.testng.remote.RemoteTestNG.main(RemoteTestNG.java:91)
</pre></div></td>
<td>0</td>
<td>com.Vtiger.Crm.LeadModule.LeadModuleTest@79d8407f</td></tr>
</table><p>
</body>
</html>